<?xml version="1.0" encoding="UTF-8"?>
<!-- Generated by org.testng.reporters.JUnitXMLReporter -->
<testsuite hostname="Aspire" name="Test in Chrome" tests="5" failures="0" timestamp="19 Feb 2015 21:51:34 GMT" time="63.342" errors="0">
  <testcase name="LoginTest" time="4.262" classname="net.intentmedia.internal.pizzaintent.tests.TestOrderPizza"/>
  <testcase name="AccountPageClickToOrderPizzaTest" time="4.145" classname="net.intentmedia.internal.pizzaintent.tests.TestOrderPizza"/>
  <testcase name="NewPizzaOrderTest" time="6.452" classname="net.intentmedia.internal.pizzaintent.tests.TestOrderPizza"/>
  <testcase name="OrderSummaryPizzaTest" time="9.112" classname="net.intentmedia.internal.pizzaintent.tests.TestOrderPizza"/>
  <testcase name="OrderConfirmPizzaTest" time="7.733" classname="net.intentmedia.internal.pizzaintent.tests.TestOrderPizza"/>
</testsuite> <!-- Test in Chrome -->
