<?xml version="1.0" encoding="UTF-8"?>
<!-- Generated by org.testng.reporters.JUnitXMLReporter -->
<testsuite hostname="Aspire" name="Test in IE" tests="3" failures="0" timestamp="19 Feb 2015 18:03:00 GMT" time="33.715" errors="0">
  <testcase name="LoginTest" time="4.271" classname="net.intentmedia.internal.pizzaintent.tests.TestOrderPizza"/>
  <testcase name="AccountPageClickToOrderPizzaTest" time="4.827" classname="net.intentmedia.internal.pizzaintent.tests.TestOrderPizza"/>
  <testcase name="NewPizzaOrderTest" time="9.471" classname="net.intentmedia.internal.pizzaintent.tests.TestOrderPizza"/>
</testsuite> <!-- Test in IE -->
