<?xml version="1.0" encoding="UTF-8"?>
<!-- Generated by org.testng.reporters.JUnitXMLReporter -->
<testsuite hostname="Aspire" name="Test in Chrome" tests="3" failures="0" timestamp="19 Feb 2015 18:03:01 GMT" time="35.114" errors="0">
  <testcase name="LoginTest" time="3.966" classname="net.intentmedia.internal.pizzaintent.tests.TestOrderPizza"/>
  <testcase name="AccountPageClickToOrderPizzaTest" time="5.388" classname="net.intentmedia.internal.pizzaintent.tests.TestOrderPizza"/>
  <testcase name="NewPizzaOrderTest" time="5.982" classname="net.intentmedia.internal.pizzaintent.tests.TestOrderPizza"/>
</testsuite> <!-- Test in Chrome -->
