<?xml version="1.0" encoding="UTF-8"?>
<!-- Generated by org.testng.reporters.JUnitXMLReporter -->
<testsuite hostname="Aspire" name="Test in FF" tests="5" failures="0" timestamp="19 Feb 2015 21:52:05 GMT" time="94.094" errors="0">
  <testcase name="LoginTest" time="3.708" classname="net.intentmedia.internal.pizzaintent.tests.TestOrderPizza"/>
  <testcase name="AccountPageClickToOrderPizzaTest" time="5.458" classname="net.intentmedia.internal.pizzaintent.tests.TestOrderPizza"/>
  <testcase name="NewPizzaOrderTest" time="7.152" classname="net.intentmedia.internal.pizzaintent.tests.TestOrderPizza"/>
  <testcase name="OrderSummaryPizzaTest" time="6.931" classname="net.intentmedia.internal.pizzaintent.tests.TestOrderPizza"/>
  <testcase name="OrderConfirmPizzaTest" time="6.632" classname="net.intentmedia.internal.pizzaintent.tests.TestOrderPizza"/>
</testsuite> <!-- Test in FF -->
