<?xml version="1.0" encoding="UTF-8"?>
<!-- Generated by org.testng.reporters.JUnitXMLReporter -->
<testsuite hostname="Aspire" name="Test in FF" tests="3" failures="0" timestamp="19 Feb 2015 18:03:12 GMT" time="46.605" errors="0">
  <testcase name="LoginTest" time="3.987" classname="net.intentmedia.internal.pizzaintent.tests.TestOrderPizza"/>
  <testcase name="AccountPageClickToOrderPizzaTest" time="4.026" classname="net.intentmedia.internal.pizzaintent.tests.TestOrderPizza"/>
  <testcase name="NewPizzaOrderTest" time="4.441" classname="net.intentmedia.internal.pizzaintent.tests.TestOrderPizza"/>
</testsuite> <!-- Test in FF -->
