<?xml version="1.0" encoding="UTF-8"?>
<testng-results skipped="0" failed="0" total="9" passed="9">
  <reporter-output>
  </reporter-output>
  <suite name="Order Intent Pizza Test" duration-ms="46605" started-at="2015-02-19T18:02:26Z" finished-at="2015-02-19T18:03:12Z">
    <groups>
    </groups>
    <test name="Test in IE" duration-ms="33715" started-at="2015-02-19T18:02:26Z" finished-at="2015-02-19T18:02:59Z">
      <class name="net.intentmedia.internal.pizzaintent.tests.TestOrderPizza">
        <test-method status="PASS" signature="launchBrowser(java.lang.String)[pri:0, instance:net.intentmedia.internal.pizzaintent.tests.TestOrderPizza@7c29e357]" name="launchBrowser" is-config="true" duration-ms="4556" started-at="2015-02-19T13:02:26Z" finished-at="2015-02-19T13:02:30Z">
          <params>
            <param index="0">
              <value>
                <![CDATA[IE]]>
              </value>
            </param>
          </params>
          <reporter-output>
          </reporter-output>
        </test-method> <!-- launchBrowser -->
        <test-method status="PASS" signature="LoginTest()[pri:0, instance:net.intentmedia.internal.pizzaintent.tests.TestOrderPizza@7c29e357]" name="LoginTest" duration-ms="4271" started-at="2015-02-19T13:02:30Z" finished-at="2015-02-19T13:02:35Z">
          <reporter-output>
          </reporter-output>
        </test-method> <!-- LoginTest -->
        <test-method status="PASS" signature="closeBrowser()[pri:0, instance:net.intentmedia.internal.pizzaintent.tests.TestOrderPizza@7c29e357]" name="closeBrowser" is-config="true" duration-ms="1290" started-at="2015-02-19T13:02:35Z" finished-at="2015-02-19T13:02:36Z">
          <reporter-output>
          </reporter-output>
        </test-method> <!-- closeBrowser -->
        <test-method status="PASS" signature="launchBrowser(java.lang.String)[pri:0, instance:net.intentmedia.internal.pizzaintent.tests.TestOrderPizza@7c29e357]" name="launchBrowser" is-config="true" duration-ms="4164" started-at="2015-02-19T13:02:36Z" finished-at="2015-02-19T13:02:40Z">
          <params>
            <param index="0">
              <value>
                <![CDATA[IE]]>
              </value>
            </param>
          </params>
          <reporter-output>
          </reporter-output>
        </test-method> <!-- launchBrowser -->
        <test-method status="PASS" signature="AccountPageClickToOrderPizzaTest()[pri:0, instance:net.intentmedia.internal.pizzaintent.tests.TestOrderPizza@7c29e357]" name="AccountPageClickToOrderPizzaTest" duration-ms="4827" started-at="2015-02-19T13:02:40Z" finished-at="2015-02-19T13:02:45Z">
          <reporter-output>
          </reporter-output>
        </test-method> <!-- AccountPageClickToOrderPizzaTest -->
        <test-method status="PASS" signature="closeBrowser()[pri:0, instance:net.intentmedia.internal.pizzaintent.tests.TestOrderPizza@7c29e357]" name="closeBrowser" is-config="true" duration-ms="1040" started-at="2015-02-19T13:02:45Z" finished-at="2015-02-19T13:02:46Z">
          <reporter-output>
          </reporter-output>
        </test-method> <!-- closeBrowser -->
        <test-method status="PASS" signature="launchBrowser(java.lang.String)[pri:0, instance:net.intentmedia.internal.pizzaintent.tests.TestOrderPizza@7c29e357]" name="launchBrowser" is-config="true" duration-ms="3009" started-at="2015-02-19T13:02:46Z" finished-at="2015-02-19T13:02:49Z">
          <params>
            <param index="0">
              <value>
                <![CDATA[IE]]>
              </value>
            </param>
          </params>
          <reporter-output>
          </reporter-output>
        </test-method> <!-- launchBrowser -->
        <test-method status="PASS" signature="NewPizzaOrderTest()[pri:0, instance:net.intentmedia.internal.pizzaintent.tests.TestOrderPizza@7c29e357]" name="NewPizzaOrderTest" duration-ms="9471" started-at="2015-02-19T13:02:49Z" finished-at="2015-02-19T13:02:58Z">
          <reporter-output>
          </reporter-output>
        </test-method> <!-- NewPizzaOrderTest -->
        <test-method status="PASS" signature="closeBrowser()[pri:0, instance:net.intentmedia.internal.pizzaintent.tests.TestOrderPizza@7c29e357]" name="closeBrowser" is-config="true" duration-ms="1056" started-at="2015-02-19T13:02:58Z" finished-at="2015-02-19T13:02:59Z">
          <reporter-output>
          </reporter-output>
        </test-method> <!-- closeBrowser -->
      </class> <!-- net.intentmedia.internal.pizzaintent.tests.TestOrderPizza -->
    </test> <!-- Test in IE -->
    <test name="Test in Chrome" duration-ms="35114" started-at="2015-02-19T18:02:26Z" finished-at="2015-02-19T18:03:01Z">
      <class name="net.intentmedia.internal.pizzaintent.tests.TestOrderPizza">
        <test-method status="PASS" signature="launchBrowser(java.lang.String)[pri:0, instance:net.intentmedia.internal.pizzaintent.tests.TestOrderPizza@25cd0888]" name="launchBrowser" is-config="true" duration-ms="4333" started-at="2015-02-19T13:02:26Z" finished-at="2015-02-19T13:02:30Z">
          <params>
            <param index="0">
              <value>
                <![CDATA[Chrome]]>
              </value>
            </param>
          </params>
          <reporter-output>
          </reporter-output>
        </test-method> <!-- launchBrowser -->
        <test-method status="PASS" signature="LoginTest()[pri:0, instance:net.intentmedia.internal.pizzaintent.tests.TestOrderPizza@25cd0888]" name="LoginTest" duration-ms="3966" started-at="2015-02-19T13:02:30Z" finished-at="2015-02-19T13:02:34Z">
          <reporter-output>
          </reporter-output>
        </test-method> <!-- LoginTest -->
        <test-method status="PASS" signature="closeBrowser()[pri:0, instance:net.intentmedia.internal.pizzaintent.tests.TestOrderPizza@25cd0888]" name="closeBrowser" is-config="true" duration-ms="2764" started-at="2015-02-19T13:02:34Z" finished-at="2015-02-19T13:02:37Z">
          <reporter-output>
          </reporter-output>
        </test-method> <!-- closeBrowser -->
        <test-method status="PASS" signature="launchBrowser(java.lang.String)[pri:0, instance:net.intentmedia.internal.pizzaintent.tests.TestOrderPizza@25cd0888]" name="launchBrowser" is-config="true" duration-ms="3460" started-at="2015-02-19T13:02:37Z" finished-at="2015-02-19T13:02:40Z">
          <params>
            <param index="0">
              <value>
                <![CDATA[Chrome]]>
              </value>
            </param>
          </params>
          <reporter-output>
          </reporter-output>
        </test-method> <!-- launchBrowser -->
        <test-method status="PASS" signature="AccountPageClickToOrderPizzaTest()[pri:0, instance:net.intentmedia.internal.pizzaintent.tests.TestOrderPizza@25cd0888]" name="AccountPageClickToOrderPizzaTest" duration-ms="5388" started-at="2015-02-19T13:02:40Z" finished-at="2015-02-19T13:02:46Z">
          <reporter-output>
          </reporter-output>
        </test-method> <!-- AccountPageClickToOrderPizzaTest -->
        <test-method status="PASS" signature="closeBrowser()[pri:0, instance:net.intentmedia.internal.pizzaintent.tests.TestOrderPizza@25cd0888]" name="closeBrowser" is-config="true" duration-ms="3032" started-at="2015-02-19T13:02:46Z" finished-at="2015-02-19T13:02:49Z">
          <reporter-output>
          </reporter-output>
        </test-method> <!-- closeBrowser -->
        <test-method status="PASS" signature="launchBrowser(java.lang.String)[pri:0, instance:net.intentmedia.internal.pizzaintent.tests.TestOrderPizza@25cd0888]" name="launchBrowser" is-config="true" duration-ms="3418" started-at="2015-02-19T13:02:49Z" finished-at="2015-02-19T13:02:52Z">
          <params>
            <param index="0">
              <value>
                <![CDATA[Chrome]]>
              </value>
            </param>
          </params>
          <reporter-output>
          </reporter-output>
        </test-method> <!-- launchBrowser -->
        <test-method status="PASS" signature="NewPizzaOrderTest()[pri:0, instance:net.intentmedia.internal.pizzaintent.tests.TestOrderPizza@25cd0888]" name="NewPizzaOrderTest" duration-ms="5982" started-at="2015-02-19T13:02:52Z" finished-at="2015-02-19T13:02:58Z">
          <reporter-output>
          </reporter-output>
        </test-method> <!-- NewPizzaOrderTest -->
        <test-method status="PASS" signature="closeBrowser()[pri:0, instance:net.intentmedia.internal.pizzaintent.tests.TestOrderPizza@25cd0888]" name="closeBrowser" is-config="true" duration-ms="2741" started-at="2015-02-19T13:02:58Z" finished-at="2015-02-19T13:03:01Z">
          <reporter-output>
          </reporter-output>
        </test-method> <!-- closeBrowser -->
      </class> <!-- net.intentmedia.internal.pizzaintent.tests.TestOrderPizza -->
    </test> <!-- Test in Chrome -->
    <test name="Test in FF" duration-ms="46605" started-at="2015-02-19T18:02:26Z" finished-at="2015-02-19T18:03:12Z">
      <class name="net.intentmedia.internal.pizzaintent.tests.TestOrderPizza">
        <test-method status="PASS" signature="launchBrowser(java.lang.String)[pri:0, instance:net.intentmedia.internal.pizzaintent.tests.TestOrderPizza@e60e128]" name="launchBrowser" is-config="true" duration-ms="12267" started-at="2015-02-19T13:02:26Z" finished-at="2015-02-19T13:02:38Z">
          <params>
            <param index="0">
              <value>
                <![CDATA[FF]]>
              </value>
            </param>
          </params>
          <reporter-output>
          </reporter-output>
        </test-method> <!-- launchBrowser -->
        <test-method status="PASS" signature="LoginTest()[pri:0, instance:net.intentmedia.internal.pizzaintent.tests.TestOrderPizza@e60e128]" name="LoginTest" duration-ms="3987" started-at="2015-02-19T13:02:38Z" finished-at="2015-02-19T13:02:42Z">
          <reporter-output>
          </reporter-output>
        </test-method> <!-- LoginTest -->
        <test-method status="PASS" signature="closeBrowser()[pri:0, instance:net.intentmedia.internal.pizzaintent.tests.TestOrderPizza@e60e128]" name="closeBrowser" is-config="true" duration-ms="529" started-at="2015-02-19T13:02:42Z" finished-at="2015-02-19T13:02:43Z">
          <reporter-output>
          </reporter-output>
        </test-method> <!-- closeBrowser -->
        <test-method status="PASS" signature="launchBrowser(java.lang.String)[pri:0, instance:net.intentmedia.internal.pizzaintent.tests.TestOrderPizza@e60e128]" name="launchBrowser" is-config="true" duration-ms="11229" started-at="2015-02-19T13:02:43Z" finished-at="2015-02-19T13:02:54Z">
          <params>
            <param index="0">
              <value>
                <![CDATA[FF]]>
              </value>
            </param>
          </params>
          <reporter-output>
          </reporter-output>
        </test-method> <!-- launchBrowser -->
        <test-method status="PASS" signature="AccountPageClickToOrderPizzaTest()[pri:0, instance:net.intentmedia.internal.pizzaintent.tests.TestOrderPizza@e60e128]" name="AccountPageClickToOrderPizzaTest" duration-ms="4026" started-at="2015-02-19T13:02:54Z" finished-at="2015-02-19T13:02:58Z">
          <reporter-output>
          </reporter-output>
        </test-method> <!-- AccountPageClickToOrderPizzaTest -->
        <test-method status="PASS" signature="closeBrowser()[pri:0, instance:net.intentmedia.internal.pizzaintent.tests.TestOrderPizza@e60e128]" name="closeBrowser" is-config="true" duration-ms="572" started-at="2015-02-19T13:02:58Z" finished-at="2015-02-19T13:02:58Z">
          <reporter-output>
          </reporter-output>
        </test-method> <!-- closeBrowser -->
        <test-method status="PASS" signature="launchBrowser(java.lang.String)[pri:0, instance:net.intentmedia.internal.pizzaintent.tests.TestOrderPizza@e60e128]" name="launchBrowser" is-config="true" duration-ms="9169" started-at="2015-02-19T13:02:58Z" finished-at="2015-02-19T13:03:08Z">
          <params>
            <param index="0">
              <value>
                <![CDATA[FF]]>
              </value>
            </param>
          </params>
          <reporter-output>
          </reporter-output>
        </test-method> <!-- launchBrowser -->
        <test-method status="PASS" signature="NewPizzaOrderTest()[pri:0, instance:net.intentmedia.internal.pizzaintent.tests.TestOrderPizza@e60e128]" name="NewPizzaOrderTest" duration-ms="4441" started-at="2015-02-19T13:03:08Z" finished-at="2015-02-19T13:03:12Z">
          <reporter-output>
          </reporter-output>
        </test-method> <!-- NewPizzaOrderTest -->
        <test-method status="PASS" signature="closeBrowser()[pri:0, instance:net.intentmedia.internal.pizzaintent.tests.TestOrderPizza@e60e128]" name="closeBrowser" is-config="true" duration-ms="355" started-at="2015-02-19T13:03:12Z" finished-at="2015-02-19T13:03:12Z">
          <reporter-output>
          </reporter-output>
        </test-method> <!-- closeBrowser -->
      </class> <!-- net.intentmedia.internal.pizzaintent.tests.TestOrderPizza -->
    </test> <!-- Test in FF -->
  </suite> <!-- Order Intent Pizza Test -->
</testng-results>
